2020-02-22 20:44:27.005  INFO 22092 --- [restartedMain] i.zcdong.community.CommunityApplication  : Starting CommunityApplication on DESKTOP-2SRL02V with PID 22092 (D:\IdeaProjects\community\target\classes started by tungs in D:\IdeaProjects\community)
2020-02-22 20:44:27.008  INFO 22092 --- [restartedMain] i.zcdong.community.CommunityApplication  : No active profile set, falling back to default profiles: default
2020-02-22 20:44:27.079  WARN 22092 --- [background-preinit] o.s.h.c.j.Jackson2ObjectMapperBuilder    : For Jackson Kotlin classes support please add "com.fasterxml.jackson.module:jackson-module-kotlin" to the classpath
2020-02-22 20:44:27.111  INFO 22092 --- [restartedMain] .e.DevToolsPropertyDefaultsPostProcessor : Devtools property defaults active! Set 'spring.devtools.add-properties' to 'false' to disable
2020-02-22 20:44:27.111  INFO 22092 --- [restartedMain] .e.DevToolsPropertyDefaultsPostProcessor : For additional web related logging consider setting the 'logging.level.web' property to 'DEBUG'
2020-02-22 20:44:28.795  INFO 22092 --- [restartedMain] o.s.b.w.embedded.tomcat.TomcatWebServer  : Tomcat initialized with port(s): 8887 (http)
2020-02-22 20:44:28.807  INFO 22092 --- [restartedMain] o.apache.catalina.core.StandardService   : Starting service [Tomcat]
2020-02-22 20:44:28.808  INFO 22092 --- [restartedMain] org.apache.catalina.core.StandardEngine  : Starting Servlet engine: [Apache Tomcat/9.0.29]
2020-02-22 20:44:28.923  INFO 22092 --- [restartedMain] o.a.c.c.C.[Tomcat].[localhost].[/]       : Initializing Spring embedded WebApplicationContext
2020-02-22 20:44:28.924  INFO 22092 --- [restartedMain] o.s.web.context.ContextLoader            : Root WebApplicationContext: initialization completed in 1812 ms
2020-02-22 20:44:28.977  INFO 22092 --- [restartedMain] com.zaxxer.hikari.HikariDataSource       : HikariPool-1 - Starting...
2020-02-22 20:44:29.150  INFO 22092 --- [restartedMain] com.zaxxer.hikari.HikariDataSource       : HikariPool-1 - Start completed.
2020-02-22 20:44:29.158  INFO 22092 --- [restartedMain] o.s.b.a.h2.H2ConsoleAutoConfiguration    : H2 console available at '/h2-console'. Database available at 'jdbc:h2:D:/IdeaProjects/community/database/community'
2020-02-22 20:44:29.951  INFO 22092 --- [restartedMain] o.s.s.concurrent.ThreadPoolTaskExecutor  : Initializing ExecutorService 'applicationTaskExecutor'
2020-02-22 20:44:30.053  INFO 22092 --- [restartedMain] o.s.b.a.w.s.WelcomePageHandlerMapping    : Adding welcome page template: index
2020-02-22 20:44:30.350  INFO 22092 --- [restartedMain] o.s.b.d.a.OptionalLiveReloadServer       : LiveReload server is running on port 35729
2020-02-22 20:44:30.421  INFO 22092 --- [restartedMain] o.s.b.w.embedded.tomcat.TomcatWebServer  : Tomcat started on port(s): 8887 (http) with context path ''
2020-02-22 20:44:30.425  INFO 22092 --- [restartedMain] i.zcdong.community.CommunityApplication  : Started CommunityApplication in 4.035 seconds (JVM running for 5.964)
2020-02-22 20:46:27.034  INFO 22092 --- [Thread-6] o.s.s.concurrent.ThreadPoolTaskExecutor  : Shutting down ExecutorService 'applicationTaskExecutor'
2020-02-22 20:46:27.035  INFO 22092 --- [Thread-6] com.zaxxer.hikari.HikariDataSource       : HikariPool-1 - Shutdown initiated...
2020-02-22 20:46:27.096  INFO 22092 --- [Thread-6] com.zaxxer.hikari.HikariDataSource       : HikariPool-1 - Shutdown completed.
2020-02-22 20:46:27.528  INFO 22092 --- [restartedMain] i.zcdong.community.CommunityApplication  : Starting CommunityApplication on DESKTOP-2SRL02V with PID 22092 (D:\IdeaProjects\community\target\classes started by tungs in D:\IdeaProjects\community)
2020-02-22 20:46:27.528  INFO 22092 --- [restartedMain] i.zcdong.community.CommunityApplication  : No active profile set, falling back to default profiles: default
2020-02-22 20:46:27.934  WARN 22092 --- [restartedMain] org.apache.tomcat.util.modeler.Registry  : The MBean registry cannot be disabled because it has already been initialised
2020-02-22 20:46:27.955  INFO 22092 --- [restartedMain] o.s.b.w.embedded.tomcat.TomcatWebServer  : Tomcat initialized with port(s): 8887 (http)
2020-02-22 20:46:27.956  INFO 22092 --- [restartedMain] o.apache.catalina.core.StandardService   : Starting service [Tomcat]
2020-02-22 20:46:27.956  INFO 22092 --- [restartedMain] org.apache.catalina.core.StandardEngine  : Starting Servlet engine: [Apache Tomcat/9.0.29]
2020-02-22 20:46:28.000  INFO 22092 --- [restartedMain] o.a.c.c.C.[Tomcat].[localhost].[/]       : Initializing Spring embedded WebApplicationContext
2020-02-22 20:46:28.001  INFO 22092 --- [restartedMain] o.s.web.context.ContextLoader            : Root WebApplicationContext: initialization completed in 469 ms
2020-02-22 20:46:28.028  INFO 22092 --- [restartedMain] com.zaxxer.hikari.HikariDataSource       : HikariPool-2 - Starting...
2020-02-22 20:46:28.041  INFO 22092 --- [restartedMain] com.zaxxer.hikari.HikariDataSource       : HikariPool-2 - Start completed.
2020-02-22 20:46:28.042  INFO 22092 --- [restartedMain] o.s.b.a.h2.H2ConsoleAutoConfiguration    : H2 console available at '/h2-console'. Database available at 'jdbc:h2:D:/IdeaProjects/community/database/community'
2020-02-22 20:46:28.355  INFO 22092 --- [restartedMain] o.s.s.concurrent.ThreadPoolTaskExecutor  : Initializing ExecutorService 'applicationTaskExecutor'
2020-02-22 20:46:28.390  INFO 22092 --- [restartedMain] o.s.b.a.w.s.WelcomePageHandlerMapping    : Adding welcome page template: index
2020-02-22 20:46:28.576  INFO 22092 --- [restartedMain] o.s.b.d.a.OptionalLiveReloadServer       : LiveReload server is running on port 35729
2020-02-22 20:46:28.612  INFO 22092 --- [restartedMain] o.s.b.w.embedded.tomcat.TomcatWebServer  : Tomcat started on port(s): 8887 (http) with context path ''
2020-02-22 20:46:28.614  INFO 22092 --- [restartedMain] i.zcdong.community.CommunityApplication  : Started CommunityApplication in 1.126 seconds (JVM running for 124.153)
2020-02-22 20:46:28.618  INFO 22092 --- [restartedMain] .ConditionEvaluationDeltaLoggingListener : Condition evaluation unchanged
2020-02-22 20:53:30.451  INFO 22092 --- [Thread-9] o.s.s.concurrent.ThreadPoolTaskExecutor  : Shutting down ExecutorService 'applicationTaskExecutor'
2020-02-22 20:53:30.454  INFO 22092 --- [Thread-9] com.zaxxer.hikari.HikariDataSource       : HikariPool-2 - Shutdown initiated...
2020-02-22 20:53:30.542  INFO 22092 --- [Thread-9] com.zaxxer.hikari.HikariDataSource       : HikariPool-2 - Shutdown completed.
2020-02-22 20:53:31.636  INFO 22092 --- [restartedMain] i.zcdong.community.CommunityApplication  : Starting CommunityApplication on DESKTOP-2SRL02V with PID 22092 (D:\IdeaProjects\community\target\classes started by tungs in D:\IdeaProjects\community)
2020-02-22 20:53:31.637  INFO 22092 --- [restartedMain] i.zcdong.community.CommunityApplication  : No active profile set, falling back to default profiles: default
2020-02-22 20:53:32.575  WARN 22092 --- [restartedMain] org.apache.tomcat.util.modeler.Registry  : The MBean registry cannot be disabled because it has already been initialised
2020-02-22 20:53:32.607  INFO 22092 --- [restartedMain] o.s.b.w.embedded.tomcat.TomcatWebServer  : Tomcat initialized with port(s): 8887 (http)
2020-02-22 20:53:32.608  INFO 22092 --- [restartedMain] o.apache.catalina.core.StandardService   : Starting service [Tomcat]
2020-02-22 20:53:32.608  INFO 22092 --- [restartedMain] org.apache.catalina.core.StandardEngine  : Starting Servlet engine: [Apache Tomcat/9.0.29]
2020-02-22 20:53:32.676  INFO 22092 --- [restartedMain] o.a.c.c.C.[Tomcat].[localhost].[/]       : Initializing Spring embedded WebApplicationContext
2020-02-22 20:53:32.676  INFO 22092 --- [restartedMain] o.s.web.context.ContextLoader            : Root WebApplicationContext: initialization completed in 1034 ms
2020-02-22 20:53:32.723  INFO 22092 --- [restartedMain] com.zaxxer.hikari.HikariDataSource       : HikariPool-3 - Starting...
2020-02-22 20:53:32.743  INFO 22092 --- [restartedMain] com.zaxxer.hikari.HikariDataSource       : HikariPool-3 - Start completed.
2020-02-22 20:53:32.743  INFO 22092 --- [restartedMain] o.s.b.a.h2.H2ConsoleAutoConfiguration    : H2 console available at '/h2-console'. Database available at 'jdbc:h2:D:/IdeaProjects/community/database/community'
2020-02-22 20:53:33.274  INFO 22092 --- [restartedMain] o.s.s.concurrent.ThreadPoolTaskExecutor  : Initializing ExecutorService 'applicationTaskExecutor'
2020-02-22 20:53:33.335  INFO 22092 --- [restartedMain] o.s.b.a.w.s.WelcomePageHandlerMapping    : Adding welcome page template: index
2020-02-22 20:53:33.700  INFO 22092 --- [restartedMain] o.s.b.d.a.OptionalLiveReloadServer       : LiveReload server is running on port 35729
2020-02-22 20:53:33.742  INFO 22092 --- [restartedMain] o.s.b.w.embedded.tomcat.TomcatWebServer  : Tomcat started on port(s): 8887 (http) with context path ''
2020-02-22 20:53:33.744  INFO 22092 --- [restartedMain] i.zcdong.community.CommunityApplication  : Started CommunityApplication in 2.17 seconds (JVM running for 549.283)
2020-02-22 20:53:33.752  INFO 22092 --- [restartedMain] .ConditionEvaluationDeltaLoggingListener : Condition evaluation unchanged
2020-02-22 20:53:52.890  INFO 22092 --- [Thread-14] o.s.s.concurrent.ThreadPoolTaskExecutor  : Shutting down ExecutorService 'applicationTaskExecutor'
2020-02-22 20:53:52.894  INFO 22092 --- [Thread-14] com.zaxxer.hikari.HikariDataSource       : HikariPool-3 - Shutdown initiated...
2020-02-22 20:53:53.247  INFO 22092 --- [Thread-14] com.zaxxer.hikari.HikariDataSource       : HikariPool-3 - Shutdown completed.
2020-02-22 20:53:53.862  INFO 22092 --- [restartedMain] i.zcdong.community.CommunityApplication  : Starting CommunityApplication on DESKTOP-2SRL02V with PID 22092 (D:\IdeaProjects\community\target\classes started by tungs in D:\IdeaProjects\community)
2020-02-22 20:53:53.863  INFO 22092 --- [restartedMain] i.zcdong.community.CommunityApplication  : No active profile set, falling back to default profiles: default
2020-02-22 20:53:54.996  WARN 22092 --- [restartedMain] org.apache.tomcat.util.modeler.Registry  : The MBean registry cannot be disabled because it has already been initialised
2020-02-22 20:53:55.181  INFO 22092 --- [restartedMain] o.s.b.w.embedded.tomcat.TomcatWebServer  : Tomcat initialized with port(s): 8887 (http)
2020-02-22 20:53:55.183  INFO 22092 --- [restartedMain] o.apache.catalina.core.StandardService   : Starting service [Tomcat]
2020-02-22 20:53:55.187  INFO 22092 --- [restartedMain] org.apache.catalina.core.StandardEngine  : Starting Servlet engine: [Apache Tomcat/9.0.29]
2020-02-22 20:53:55.275  INFO 22092 --- [restartedMain] o.a.c.c.C.[Tomcat].[localhost].[/]       : Initializing Spring embedded WebApplicationContext
2020-02-22 20:53:55.301  INFO 22092 --- [restartedMain] o.s.web.context.ContextLoader            : Root WebApplicationContext: initialization completed in 1424 ms
2020-02-22 20:53:55.358  INFO 22092 --- [restartedMain] com.zaxxer.hikari.HikariDataSource       : HikariPool-4 - Starting...
2020-02-22 20:53:55.376  INFO 22092 --- [restartedMain] com.zaxxer.hikari.HikariDataSource       : HikariPool-4 - Start completed.
2020-02-22 20:53:55.377  INFO 22092 --- [restartedMain] o.s.b.a.h2.H2ConsoleAutoConfiguration    : H2 console available at '/h2-console'. Database available at 'jdbc:h2:D:/IdeaProjects/community/database/community'
2020-02-22 20:53:55.723  INFO 22092 --- [restartedMain] o.s.s.concurrent.ThreadPoolTaskExecutor  : Initializing ExecutorService 'applicationTaskExecutor'
2020-02-22 20:53:55.753  INFO 22092 --- [restartedMain] o.s.b.a.w.s.WelcomePageHandlerMapping    : Adding welcome page template: index
2020-02-22 20:53:55.928  INFO 22092 --- [restartedMain] o.s.b.d.a.OptionalLiveReloadServer       : LiveReload server is running on port 35729
2020-02-22 20:53:56.090  INFO 22092 --- [restartedMain] o.s.b.w.embedded.tomcat.TomcatWebServer  : Tomcat started on port(s): 8887 (http) with context path ''
2020-02-22 20:53:56.112  INFO 22092 --- [restartedMain] i.zcdong.community.CommunityApplication  : Started CommunityApplication in 2.318 seconds (JVM running for 571.653)
2020-02-22 20:53:56.115  INFO 22092 --- [restartedMain] .ConditionEvaluationDeltaLoggingListener : Condition evaluation unchanged
2020-02-22 20:54:07.343  INFO 22092 --- [Thread-19] o.s.s.concurrent.ThreadPoolTaskExecutor  : Shutting down ExecutorService 'applicationTaskExecutor'
2020-02-22 20:54:07.344  INFO 22092 --- [Thread-19] com.zaxxer.hikari.HikariDataSource       : HikariPool-4 - Shutdown initiated...
2020-02-22 20:54:07.792  INFO 22092 --- [Thread-19] com.zaxxer.hikari.HikariDataSource       : HikariPool-4 - Shutdown completed.
2020-02-22 20:54:08.537  INFO 22092 --- [restartedMain] i.zcdong.community.CommunityApplication  : Starting CommunityApplication on DESKTOP-2SRL02V with PID 22092 (D:\IdeaProjects\community\target\classes started by tungs in D:\IdeaProjects\community)
2020-02-22 20:54:08.539  INFO 22092 --- [restartedMain] i.zcdong.community.CommunityApplication  : No active profile set, falling back to default profiles: default
2020-02-22 20:54:09.196  WARN 22092 --- [restartedMain] org.apache.tomcat.util.modeler.Registry  : The MBean registry cannot be disabled because it has already been initialised
2020-02-22 20:54:09.218  INFO 22092 --- [restartedMain] o.s.b.w.embedded.tomcat.TomcatWebServer  : Tomcat initialized with port(s): 8887 (http)
2020-02-22 20:54:09.219  INFO 22092 --- [restartedMain] o.apache.catalina.core.StandardService   : Starting service [Tomcat]
2020-02-22 20:54:09.220  INFO 22092 --- [restartedMain] org.apache.catalina.core.StandardEngine  : Starting Servlet engine: [Apache Tomcat/9.0.29]
2020-02-22 20:54:09.259  INFO 22092 --- [restartedMain] o.a.c.c.C.[Tomcat].[localhost].[/]       : Initializing Spring embedded WebApplicationContext
2020-02-22 20:54:09.259  INFO 22092 --- [restartedMain] o.s.web.context.ContextLoader            : Root WebApplicationContext: initialization completed in 716 ms
2020-02-22 20:54:09.287  INFO 22092 --- [restartedMain] com.zaxxer.hikari.HikariDataSource       : HikariPool-5 - Starting...
2020-02-22 20:54:09.298  INFO 22092 --- [restartedMain] com.zaxxer.hikari.HikariDataSource       : HikariPool-5 - Start completed.
2020-02-22 20:54:09.298  INFO 22092 --- [restartedMain] o.s.b.a.h2.H2ConsoleAutoConfiguration    : H2 console available at '/h2-console'. Database available at 'jdbc:h2:D:/IdeaProjects/community/database/community'
2020-02-22 20:54:09.893  INFO 22092 --- [restartedMain] o.s.s.concurrent.ThreadPoolTaskExecutor  : Initializing ExecutorService 'applicationTaskExecutor'
2020-02-22 20:54:09.929  INFO 22092 --- [restartedMain] o.s.b.a.w.s.WelcomePageHandlerMapping    : Adding welcome page template: index
2020-02-22 20:54:10.096  INFO 22092 --- [restartedMain] o.s.b.d.a.OptionalLiveReloadServer       : LiveReload server is running on port 35729
2020-02-22 20:54:10.135  INFO 22092 --- [restartedMain] o.s.b.w.embedded.tomcat.TomcatWebServer  : Tomcat started on port(s): 8887 (http) with context path ''
2020-02-22 20:54:10.136  INFO 22092 --- [restartedMain] i.zcdong.community.CommunityApplication  : Started CommunityApplication in 1.69 seconds (JVM running for 585.676)
2020-02-22 20:54:10.138  INFO 22092 --- [restartedMain] .ConditionEvaluationDeltaLoggingListener : Condition evaluation unchanged
2020-02-22 20:54:35.299  INFO 22092 --- [Thread-24] o.s.s.concurrent.ThreadPoolTaskExecutor  : Shutting down ExecutorService 'applicationTaskExecutor'
2020-02-22 20:54:35.300  INFO 22092 --- [Thread-24] com.zaxxer.hikari.HikariDataSource       : HikariPool-5 - Shutdown initiated...
2020-02-22 20:54:35.604  INFO 22092 --- [Thread-24] com.zaxxer.hikari.HikariDataSource       : HikariPool-5 - Shutdown completed.
2020-02-22 20:54:36.217  INFO 22092 --- [restartedMain] i.zcdong.community.CommunityApplication  : Starting CommunityApplication on DESKTOP-2SRL02V with PID 22092 (D:\IdeaProjects\community\target\classes started by tungs in D:\IdeaProjects\community)
2020-02-22 20:54:36.217  INFO 22092 --- [restartedMain] i.zcdong.community.CommunityApplication  : No active profile set, falling back to default profiles: default
2020-02-22 20:54:36.788  WARN 22092 --- [restartedMain] org.apache.tomcat.util.modeler.Registry  : The MBean registry cannot be disabled because it has already been initialised
2020-02-22 20:54:36.830  INFO 22092 --- [restartedMain] o.s.b.w.embedded.tomcat.TomcatWebServer  : Tomcat initialized with port(s): 8887 (http)
2020-02-22 20:54:36.831  INFO 22092 --- [restartedMain] o.apache.catalina.core.StandardService   : Starting service [Tomcat]
2020-02-22 20:54:36.832  INFO 22092 --- [restartedMain] org.apache.catalina.core.StandardEngine  : Starting Servlet engine: [Apache Tomcat/9.0.29]
2020-02-22 20:54:36.884  INFO 22092 --- [restartedMain] o.a.c.c.C.[Tomcat].[localhost].[/]       : Initializing Spring embedded WebApplicationContext
2020-02-22 20:54:36.884  INFO 22092 --- [restartedMain] o.s.web.context.ContextLoader            : Root WebApplicationContext: initialization completed in 662 ms
2020-02-22 20:54:36.921  INFO 22092 --- [restartedMain] com.zaxxer.hikari.HikariDataSource       : HikariPool-6 - Starting...
2020-02-22 20:54:36.937  INFO 22092 --- [restartedMain] com.zaxxer.hikari.HikariDataSource       : HikariPool-6 - Start completed.
2020-02-22 20:54:36.937  INFO 22092 --- [restartedMain] o.s.b.a.h2.H2ConsoleAutoConfiguration    : H2 console available at '/h2-console'. Database available at 'jdbc:h2:D:/IdeaProjects/community/database/community'
2020-02-22 20:54:37.270  INFO 22092 --- [restartedMain] o.s.s.concurrent.ThreadPoolTaskExecutor  : Initializing ExecutorService 'applicationTaskExecutor'
2020-02-22 20:54:37.303  INFO 22092 --- [restartedMain] o.s.b.a.w.s.WelcomePageHandlerMapping    : Adding welcome page template: index
2020-02-22 20:54:37.507  INFO 22092 --- [restartedMain] o.s.b.d.a.OptionalLiveReloadServer       : LiveReload server is running on port 35729
2020-02-22 20:54:37.536  INFO 22092 --- [restartedMain] o.s.b.w.embedded.tomcat.TomcatWebServer  : Tomcat started on port(s): 8887 (http) with context path ''
2020-02-22 20:54:37.537  INFO 22092 --- [restartedMain] i.zcdong.community.CommunityApplication  : Started CommunityApplication in 1.373 seconds (JVM running for 613.077)
2020-02-22 20:54:37.539  INFO 22092 --- [restartedMain] .ConditionEvaluationDeltaLoggingListener : Condition evaluation unchanged
2020-02-22 20:55:04.337  INFO 22092 --- [Thread-29] o.s.s.concurrent.ThreadPoolTaskExecutor  : Shutting down ExecutorService 'applicationTaskExecutor'
2020-02-22 20:55:04.338  INFO 22092 --- [Thread-29] com.zaxxer.hikari.HikariDataSource       : HikariPool-6 - Shutdown initiated...
2020-02-22 20:55:04.673  INFO 22092 --- [Thread-29] com.zaxxer.hikari.HikariDataSource       : HikariPool-6 - Shutdown completed.
2020-02-22 20:55:05.246  INFO 22092 --- [restartedMain] i.zcdong.community.CommunityApplication  : Starting CommunityApplication on DESKTOP-2SRL02V with PID 22092 (D:\IdeaProjects\community\target\classes started by tungs in D:\IdeaProjects\community)
2020-02-22 20:55:05.247  INFO 22092 --- [restartedMain] i.zcdong.community.CommunityApplication  : No active profile set, falling back to default profiles: default
2020-02-22 20:55:05.792  WARN 22092 --- [restartedMain] org.apache.tomcat.util.modeler.Registry  : The MBean registry cannot be disabled because it has already been initialised
2020-02-22 20:55:05.818  INFO 22092 --- [restartedMain] o.s.b.w.embedded.tomcat.TomcatWebServer  : Tomcat initialized with port(s): 8887 (http)
2020-02-22 20:55:05.819  INFO 22092 --- [restartedMain] o.apache.catalina.core.StandardService   : Starting service [Tomcat]
2020-02-22 20:55:05.819  INFO 22092 --- [restartedMain] org.apache.catalina.core.StandardEngine  : Starting Servlet engine: [Apache Tomcat/9.0.29]
2020-02-22 20:55:05.854  INFO 22092 --- [restartedMain] o.a.c.c.C.[Tomcat].[localhost].[/]       : Initializing Spring embedded WebApplicationContext
2020-02-22 20:55:05.855  INFO 22092 --- [restartedMain] o.s.web.context.ContextLoader            : Root WebApplicationContext: initialization completed in 605 ms
2020-02-22 20:55:05.874  INFO 22092 --- [restartedMain] com.zaxxer.hikari.HikariDataSource       : HikariPool-7 - Starting...
2020-02-22 20:55:05.883  INFO 22092 --- [restartedMain] com.zaxxer.hikari.HikariDataSource       : HikariPool-7 - Start completed.
2020-02-22 20:55:05.884  INFO 22092 --- [restartedMain] o.s.b.a.h2.H2ConsoleAutoConfiguration    : H2 console available at '/h2-console'. Database available at 'jdbc:h2:D:/IdeaProjects/community/database/community'
2020-02-22 20:55:06.060  INFO 22092 --- [restartedMain] o.s.s.concurrent.ThreadPoolTaskExecutor  : Initializing ExecutorService 'applicationTaskExecutor'
2020-02-22 20:55:06.094  INFO 22092 --- [restartedMain] o.s.b.a.w.s.WelcomePageHandlerMapping    : Adding welcome page template: index
2020-02-22 20:55:06.207  INFO 22092 --- [restartedMain] o.s.b.d.a.OptionalLiveReloadServer       : LiveReload server is running on port 35729
2020-02-22 20:55:06.228  INFO 22092 --- [restartedMain] o.s.b.w.embedded.tomcat.TomcatWebServer  : Tomcat started on port(s): 8887 (http) with context path ''
2020-02-22 20:55:06.229  INFO 22092 --- [restartedMain] i.zcdong.community.CommunityApplication  : Started CommunityApplication in 1.072 seconds (JVM running for 641.77)
2020-02-22 20:55:06.231  INFO 22092 --- [restartedMain] .ConditionEvaluationDeltaLoggingListener : Condition evaluation unchanged
2020-02-22 20:55:25.965  INFO 22092 --- [Thread-34] o.s.s.concurrent.ThreadPoolTaskExecutor  : Shutting down ExecutorService 'applicationTaskExecutor'
2020-02-22 20:55:25.966  INFO 22092 --- [Thread-34] com.zaxxer.hikari.HikariDataSource       : HikariPool-7 - Shutdown initiated...
2020-02-22 20:55:26.276  INFO 22092 --- [Thread-34] com.zaxxer.hikari.HikariDataSource       : HikariPool-7 - Shutdown completed.
2020-02-22 20:55:28.134  INFO 22092 --- [restartedMain] i.zcdong.community.CommunityApplication  : Starting CommunityApplication on DESKTOP-2SRL02V with PID 22092 (D:\IdeaProjects\community\target\classes started by tungs in D:\IdeaProjects\community)
2020-02-22 20:55:28.135  INFO 22092 --- [restartedMain] i.zcdong.community.CommunityApplication  : No active profile set, falling back to default profiles: default
2020-02-22 20:55:28.754  WARN 22092 --- [restartedMain] org.apache.tomcat.util.modeler.Registry  : The MBean registry cannot be disabled because it has already been initialised
2020-02-22 20:55:28.782  INFO 22092 --- [restartedMain] o.s.b.w.embedded.tomcat.TomcatWebServer  : Tomcat initialized with port(s): 8887 (http)
2020-02-22 20:55:28.783  INFO 22092 --- [restartedMain] o.apache.catalina.core.StandardService   : Starting service [Tomcat]
2020-02-22 20:55:28.783  INFO 22092 --- [restartedMain] org.apache.catalina.core.StandardEngine  : Starting Servlet engine: [Apache Tomcat/9.0.29]
2020-02-22 20:55:28.833  INFO 22092 --- [restartedMain] o.a.c.c.C.[Tomcat].[localhost].[/]       : Initializing Spring embedded WebApplicationContext
2020-02-22 20:55:28.834  INFO 22092 --- [restartedMain] o.s.web.context.ContextLoader            : Root WebApplicationContext: initialization completed in 693 ms
2020-02-22 20:55:28.869  INFO 22092 --- [restartedMain] com.zaxxer.hikari.HikariDataSource       : HikariPool-8 - Starting...
2020-02-22 20:55:28.900  INFO 22092 --- [restartedMain] com.zaxxer.hikari.HikariDataSource       : HikariPool-8 - Start completed.
2020-02-22 20:55:28.911  INFO 22092 --- [restartedMain] o.s.b.a.h2.H2ConsoleAutoConfiguration    : H2 console available at '/h2-console'. Database available at 'jdbc:h2:D:/IdeaProjects/community/database/community'
2020-02-22 20:55:29.200  INFO 22092 --- [restartedMain] o.s.s.concurrent.ThreadPoolTaskExecutor  : Initializing ExecutorService 'applicationTaskExecutor'
2020-02-22 20:55:29.230  INFO 22092 --- [restartedMain] o.s.b.a.w.s.WelcomePageHandlerMapping    : Adding welcome page template: index
2020-02-22 20:55:29.445  INFO 22092 --- [restartedMain] o.s.b.d.a.OptionalLiveReloadServer       : LiveReload server is running on port 35729
2020-02-22 20:55:29.492  INFO 22092 --- [restartedMain] o.s.b.w.embedded.tomcat.TomcatWebServer  : Tomcat started on port(s): 8887 (http) with context path ''
2020-02-22 20:55:29.494  INFO 22092 --- [restartedMain] i.zcdong.community.CommunityApplication  : Started CommunityApplication in 1.423 seconds (JVM running for 665.033)
2020-02-22 20:55:29.497  INFO 22092 --- [restartedMain] .ConditionEvaluationDeltaLoggingListener : Condition evaluation unchanged
